#
# A fatal error has been detected by the Java Runtime Environment:
#
#  Internal Error (method.cpp:1857), pid=6420, tid=38148
#  fatal error: no original bytecode found in org.example.FileLoad.fileRead(Ljava/lang/String;)Ljava/util/List; at bci 133
#
# JRE version: OpenJDK Runtime Environment (21.0.2+13) (build 21.0.2+13-58)
# Java VM: OpenJDK 64-Bit Server VM (21.0.2+13-58, mixed mode, sharing, tiered, compressed oops, compressed class ptrs, g1 gc, windows-amd64)
# No core dump will be written. Minidumps are not enabled by default on client versions of Windows
#
# If you would like to submit a bug report, please visit:
#   https://bugreport.java.com/bugreport/crash.jsp
#

---------------  S U M M A R Y ------------

Command Line: -agentlib:jdwp=transport=dt_socket,address=127.0.0.1:61132,suspend=y,server=n -javaagent:C:\Users\Виктория\AppData\Local\JetBrains\IdeaIC2024.1\captureAgent\debugger-agent.jar -Dfile.encoding=UTF-8 -Dsun.stdout.encoding=UTF-8 -Dsun.stderr.encoding=UTF-8 org.example.Main

Host: 11th Gen Intel(R) Core(TM) i7-1195G7 @ 2.90GHz, 8 cores, 15G,  Windows 11 , 64 bit Build 22621 (10.0.22621.3958)
Time: Wed Nov  6 19:29:34 2024 RTZ 2 (s 11 , 64 bit Build 22621 (10.0.22621.3958) elapsed time: 838.534133 seconds (0d 0h 13m 58s)

---------------  T H R E A D  ---------------

Current thread (0x000001ebdcd70610):  JavaThread "main"             [_thread_in_vm, id=38148, stack(0x000000ce0d000000,0x000000ce0d100000) (1024K)]

Stack: [0x000000ce0d000000,0x000000ce0d100000]
Native frames: (J=compiled Java code, j=interpreted, Vv=VM code, C=native code)
V  [jvm.dll+0x6cade9]
V  [jvm.dll+0x8569c1]
V  [jvm.dll+0x858d2e]
V  [jvm.dll+0x280c41]
V  [jvm.dll+0x67d183]
V  [jvm.dll+0x3d5214]
C  0x000001ebee888a4b

The last pc belongs to breakpoint (printed below).
Java frames: (J=compiled Java code, j=interpreted, Vv=VM code)
j  org.example.FileLoad.fileRead(Ljava/lang/String;)Ljava/util/List;+133
j  org.example.Main.main([Ljava/lang/String;)V+2
v  ~StubRoutines::call_stub 0x000001ebee8610e7
breakpoint  202 breakpoint  [0x000001ebee8889c0, 0x000001ebee888cb8]  760 bytes
[MachCode]
  0x000001ebee8889c0: 4883 ec08 | c5fa 1104 | 24eb 1f48 | 83ec 10c5 | fb11 0424 | eb14 4883 | ec10 4889 | 0424 48c7 
  0x000001ebee8889e0: 4424 0800 | 0000 00eb | 0150 488b | 55e8 e805 | 0000 00e9 | 5001 0000 | 4d8b c548 | 8d44 2408 
  0x000001ebee888a00: 4c89 6dc0 | 498b cfc5 | f877 4989 | afa8 0300 | 0049 8987 | 9803 0000 | 4883 ec20 | 40f6 c40f 
  0x000001ebee888a20: 0f84 1900 | 0000 4883 | ec08 48b8 | e051 f60e | fd7f 0000 | ffd0 4883 | c408 e90c | 0000 0048 
  0x000001ebee888a40: b8e0 51f6 | 0efd 7f00 | 00ff d048 | 83c4 2049 | c787 9803 | 0000 0000 | 0000 49c7 | 87a8 0300 
  0x000001ebee888a60: 0000 0000 | 0049 c787 | a003 0000 | 0000 0000 | c5f8 7741 | 8b8f 2c05 | 0000 f6c1 | 010f 8442 
  0x000001ebee888a80: 0000 00f6 | c102 0f85 | 3900 0000 | 4883 ec20 | 40f6 c40f | 0f84 1900 | 0000 4883 | ec08 48b8 
  0x000001ebee888aa0: c018 f60e | fd7f 0000 | ffd0 4883 | c408 e90c | 0000 0048 | b8c0 18f6 | 0efd 7f00 | 00ff d048 
  0x000001ebee888ac0: 83c4 20ff | e049 8b8f | d805 0000 | 4885 c90f | 8455 0000 | 008b 899c | 0000 0083 | f901 0f85 
  0x000001ebee888ae0: 4600 0000 | 498b 8fd8 | 0500 008b | 89a0 0000 | 0048 83ec | 2040 f6c4 | 0f0f 8419 | 0000 0048 
  0x000001ebee888b00: 83ec 0848 | b8b0 18f6 | 0efd 7f00 | 00ff d048 | 83c4 08e9 | 0c00 0000 | 48b8 b018 | f60e fd7f 
  0x000001ebee888b20: 0000 ffd0 | 4883 c420 | ffe0 4983 | 7f08 000f | 8405 0000 | 00e9 c683 | fdff 4c8b | 6dc0 4c8b 
  0x000001ebee888b40: 75c8 4e8d | 74f5 00c3 | 488b d848 | 8b55 e8e8 | 0500 0000 | e950 0100 | 004d 8bc5 | 488d 4424 
  0x000001ebee888b60: 084c 896d | c049 8bcf | c5f8 7749 | 89af a803 | 0000 4989 | 8798 0300 | 0048 83ec | 2040 f6c4 
  0x000001ebee888b80: 0f0f 8419 | 0000 0048 | 83ec 0848 | b810 3bf6 | 0efd 7f00 | 00ff d048 | 83c4 08e9 | 0c00 0000 
  0x000001ebee888ba0: 48b8 103b | f60e fd7f | 0000 ffd0 | 4883 c420 | 49c7 8798 | 0300 0000 | 0000 0049 | c787 a803 
  0x000001ebee888bc0: 0000 0000 | 0000 49c7 | 87a0 0300 | 0000 0000 | 00c5 f877 | 418b 8f2c | 0500 00f6 | c101 0f84 
  0x000001ebee888be0: 4200 0000 | f6c1 020f | 8539 0000 | 0048 83ec | 2040 f6c4 | 0f0f 8419 | 0000 0048 | 83ec 0848 
  0x000001ebee888c00: b8c0 18f6 | 0efd 7f00 | 00ff d048 | 83c4 08e9 | 0c00 0000 | 48b8 c018 | f60e fd7f | 0000 ffd0 
  0x000001ebee888c20: 4883 c420 | ffe0 498b | 8fd8 0500 | 0048 85c9 | 0f84 5500 | 0000 8b89 | 9c00 0000 | 83f9 010f 
  0x000001ebee888c40: 8546 0000 | 0049 8b8f | d805 0000 | 8b89 a000 | 0000 4883 | ec20 40f6 | c40f 0f84 | 1900 0000 
  0x000001ebee888c60: 4883 ec08 | 48b8 b018 | f60e fd7f | 0000 ffd0 | 4883 c408 | e90c 0000 | 0048 b8b0 | 18f6 0efd 
  0x000001ebee888c80: 7f00 00ff | d048 83c4 | 20ff e049 | 837f 0800 | 0f84 0500 | 0000 e965 | 82fd ff4c | 8b6d c04c 
  0x000001ebee888ca0: 8b75 c84e | 8d74 f500 | c349 ba00 | 5f7e 0ffd | 7f00 0041 | ff24 da90 
[/MachCode]

---------------  P R O C E S S  ---------------

Threads class SMR info:
_java_thread_list=0x000001ebfe23d410, length=13, elements={
0x000001ebdcd70610, 0x000001ebfdc2d2b0, 0x000001ebfdc2e1d0, 0x000001ebfdc31b20,
0x000001ebfdc34680, 0x000001ebfdc351d0, 0x000001ebfdc38e70, 0x000001ebfdc46250,
0x000001ebfe0b01c0, 0x000001ebfe1bc8b0, 0x000001ebfe2e3640, 0x000001ebfe29e000,
0x000001ebfe2b1d60
}

Java Threads: ( => current thread )
=>0x000001ebdcd70610 JavaThread "main"                              [_thread_in_vm, id=38148, stack(0x000000ce0d000000,0x000000ce0d100000) (1024K)]
  0x000001ebfdc2d2b0 JavaThread "Reference Handler"          daemon [_thread_blocked, id=33272, stack(0x000000ce0d800000,0x000000ce0d900000) (1024K)]
  0x000001ebfdc2e1d0 JavaThread "Finalizer"                  daemon [_thread_blocked, id=41540, stack(0x000000ce0d900000,0x000000ce0da00000) (1024K)]
  0x000001ebfdc31b20 JavaThread "Signal Dispatcher"          daemon [_thread_blocked, id=44076, stack(0x000000ce0da00000,0x000000ce0db00000) (1024K)]
  0x000001ebfdc34680 JavaThread "Attach Listener"            daemon [_thread_blocked, id=17740, stack(0x000000ce0db00000,0x000000ce0dc00000) (1024K)]
  0x000001ebfdc351d0 JavaThread "Service Thread"             daemon [_thread_blocked, id=40584, stack(0x000000ce0dc00000,0x000000ce0dd00000) (1024K)]
  0x000001ebfdc38e70 JavaThread "Monitor Deflation Thread"   daemon [_thread_blocked, id=38288, stack(0x000000ce0dd00000,0x000000ce0de00000) (1024K)]
  0x000001ebfdc46250 JavaThread "C2 CompilerThread0"         daemon [_thread_blocked, id=32192, stack(0x000000ce0de00000,0x000000ce0df00000) (1024K)]
  0x000001ebfe0b01c0 JavaThread "C1 CompilerThread0"         daemon [_thread_blocked, id=21992, stack(0x000000ce0df00000,0x000000ce0e000000) (1024K)]
  0x000001ebfe1bc8b0 JavaThread "Common-Cleaner"             daemon [_thread_blocked, id=43612, stack(0x000000ce0e000000,0x000000ce0e100000) (1024K)]
  0x000001ebfe2e3640 JavaThread "JDWP Transport Listener: dt_socket" daemon [_thread_blocked, id=34224, stack(0x000000ce0e100000,0x000000ce0e200000) (1024K)]
  0x000001ebfe29e000 JavaThread "JDWP Event Helper Thread"   daemon [_thread_blocked, id=27552, stack(0x000000ce0e200000,0x000000ce0e300000) (1024K)]
  0x000001ebfe2b1d60 JavaThread "Notification Thread"        daemon [_thread_blocked, id=38940, stack(0x000000ce0e400000,0x000000ce0e500000) (1024K)]
Total: 13

Other Threads:
  0x000001ebfdc0d780 VMThread "VM Thread"                           [id=11348, stack(0x000000ce0d700000,0x000000ce0d800000) (1024K)] _threads_hazard_ptr=0x000001ebfe23d410
  0x000001ebfdbf5e80 WatcherThread "VM Periodic Task Thread"        [id=37948, stack(0x000000ce0d600000,0x000000ce0d700000) (1024K)]
  0x000001ebdef3d3d0 WorkerThread "GC Thread#0"                     [id=43156, stack(0x000000ce0d100000,0x000000ce0d200000) (1024K)]
  0x000001ebdef4e0a0 ConcurrentGCThread "G1 Main Marker"            [id=32044, stack(0x000000ce0d200000,0x000000ce0d300000) (1024K)]
  0x000001ebdef4f340 WorkerThread "G1 Conc#0"                       [id=44192, stack(0x000000ce0d300000,0x000000ce0d400000) (1024K)]
  0x000001ebdef9e540 ConcurrentGCThread "G1 Refine#0"               [id=45024, stack(0x000000ce0d400000,0x000000ce0d500000) (1024K)]
  0x000001ebfdac7160 ConcurrentGCThread "G1 Service"                [id=23436, stack(0x000000ce0d500000,0x000000ce0d600000) (1024K)]
Total: 7

Threads with active compile tasks:
Total: 0

VM state: synchronizing (normal execution)

VM Mutex/Monitor currently owned by a thread:  ([mutex/lock_event])
[0x00007ffd0f7ccd68] Threads_lock - owner thread: 0x000001ebfdc0d780

Heap address: 0x0000000704c00000, size: 4020 MB, Compressed Oops mode: Zero based, Oop shift amount: 3

CDS archive(s) mapped at: [0x000001eb80000000-0x000001eb80c90000-0x000001eb80c90000), size 13172736, SharedBaseAddress: 0x000001eb80000000, ArchiveRelocationMode: 1.
Compressed class space mapped at: 0x000001eb81000000-0x000001ebc1000000, reserved size: 1073741824
Narrow klass base: 0x000001eb80000000, Narrow klass shift: 0, Narrow klass range: 0x100000000

GC Precious Log:
 CardTable entry size: 512
 Card Set container configuration: InlinePtr #cards 4 size 8 Array Of Cards #cards 16 size 48 Howl #buckets 8 coarsen threshold 3686 Howl Bitmap #cards 512 size 80 coarsen threshold 460 Card regions per heap region 1 cards per card region 4096
 CPUs: 8 total, 8 available
 Memory: 16074M
 Large Page Support: Disabled
 NUMA Support: Disabled
 Compressed Oops: Enabled (Zero based)
 Heap Region Size: 2M
 Heap Min Capacity: 8M
 Heap Initial Capacity: 252M
 Heap Max Capacity: 4020M
 Pre-touch: Disabled
 Parallel Workers: 8
 Concurrent Workers: 2
 Concurrent Refinement Workers: 8
 Periodic GC: Disabled

Heap:
 garbage-first heap   total 258048K, used 6144K [0x0000000704c00000, 0x0000000800000000)
  region size 2048K, 4 young (8192K), 0 survivors (0K)
 Metaspace       used 1020K, committed 1216K, reserved 1114112K
  class space    used 97K, committed 192K, reserved 1048576K

Heap Regions: E=young(eden), S=young(survivor), O=old, HS=humongous(starts), HC=humongous(continues), CS=collection set, F=free, TAMS=top-at-mark-start, PB=parsable bottom
|   0|0x0000000704c00000, 0x0000000704c00000, 0x0000000704e00000|  0%| F|  |TAMS 0x0000000704c00000| PB 0x0000000704c00000| Untracked 
|   1|0x0000000704e00000, 0x0000000704e00000, 0x0000000705000000|  0%| F|  |TAMS 0x0000000704e00000| PB 0x0000000704e00000| Untracked 
|   2|0x0000000705000000, 0x0000000705000000, 0x0000000705200000|  0%| F|  |TAMS 0x0000000705000000| PB 0x0000000705000000| Untracked 
|   3|0x0000000705200000, 0x0000000705200000, 0x0000000705400000|  0%| F|  |TAMS 0x0000000705200000| PB 0x0000000705200000| Untracked 
|   4|0x0000000705400000, 0x0000000705400000, 0x0000000705600000|  0%| F|  |TAMS 0x0000000705400000| PB 0x0000000705400000| Untracked 
|   5|0x0000000705600000, 0x0000000705600000, 0x0000000705800000|  0%| F|  |TAMS 0x0000000705600000| PB 0x0000000705600000| Untracked 
|   6|0x0000000705800000, 0x0000000705800000, 0x0000000705a00000|  0%| F|  |TAMS 0x0000000705800000| PB 0x0000000705800000| Untracked 
|   7|0x0000000705a00000, 0x0000000705a00000, 0x0000000705c00000|  0%| F|  |TAMS 0x0000000705a00000| PB 0x0000000705a00000| Untracked 
|   8|0x0000000705c00000, 0x0000000705c00000, 0x0000000705e00000|  0%| F|  |TAMS 0x0000000705c00000| PB 0x0000000705c00000| Untracked 
|   9|0x0000000705e00000, 0x0000000705e00000, 0x0000000706000000|  0%| F|  |TAMS 0x0000000705e00000| PB 0x0000000705e00000| Untracked 
|  10|0x0000000706000000, 0x0000000706000000, 0x0000000706200000|  0%| F|  |TAMS 0x0000000706000000| PB 0x0000000706000000| Untracked 
|  11|0x0000000706200000, 0x0000000706200000, 0x0000000706400000|  0%| F|  |TAMS 0x0000000706200000| PB 0x0000000706200000| Untracked 
|  12|0x0000000706400000, 0x0000000706400000, 0x0000000706600000|  0%| F|  |TAMS 0x0000000706400000| PB 0x0000000706400000| Untracked 
|  13|0x0000000706600000, 0x0000000706600000, 0x0000000706800000|  0%| F|  |TAMS 0x0000000706600000| PB 0x0000000706600000| Untracked 
|  14|0x0000000706800000, 0x0000000706800000, 0x0000000706a00000|  0%| F|  |TAMS 0x0000000706800000| PB 0x0000000706800000| Untracked 
|  15|0x0000000706a00000, 0x0000000706a00000, 0x0000000706c00000|  0%| F|  |TAMS 0x0000000706a00000| PB 0x0000000706a00000| Untracked 
|  16|0x0000000706c00000, 0x0000000706c00000, 0x0000000706e00000|  0%| F|  |TAMS 0x0000000706c00000| PB 0x0000000706c00000| Untracked 
|  17|0x0000000706e00000, 0x0000000706e00000, 0x0000000707000000|  0%| F|  |TAMS 0x0000000706e00000| PB 0x0000000706e00000| Untracked 
|  18|0x0000000707000000, 0x0000000707000000, 0x0000000707200000|  0%| F|  |TAMS 0x0000000707000000| PB 0x0000000707000000| Untracked 
|  19|0x0000000707200000, 0x0000000707200000, 0x0000000707400000|  0%| F|  |TAMS 0x0000000707200000| PB 0x0000000707200000| Untracked 
|  20|0x0000000707400000, 0x0000000707400000, 0x0000000707600000|  0%| F|  |TAMS 0x0000000707400000| PB 0x0000000707400000| Untracked 
|  21|0x0000000707600000, 0x0000000707600000, 0x0000000707800000|  0%| F|  |TAMS 0x0000000707600000| PB 0x0000000707600000| Untracked 
|  22|0x0000000707800000, 0x0000000707800000, 0x0000000707a00000|  0%| F|  |TAMS 0x0000000707800000| PB 0x0000000707800000| Untracked 
|  23|0x0000000707a00000, 0x0000000707a00000, 0x0000000707c00000|  0%| F|  |TAMS 0x0000000707a00000| PB 0x0000000707a00000| Untracked 
|  24|0x0000000707c00000, 0x0000000707c00000, 0x0000000707e00000|  0%| F|  |TAMS 0x0000000707c00000| PB 0x0000000707c00000| Untracked 
|  25|0x0000000707e00000, 0x0000000707e00000, 0x0000000708000000|  0%| F|  |TAMS 0x0000000707e00000| PB 0x0000000707e00000| Untracked 
|  26|0x0000000708000000, 0x0000000708000000, 0x0000000708200000|  0%| F|  |TAMS 0x0000000708000000| PB 0x0000000708000000| Untracked 
|  27|0x0000000708200000, 0x0000000708200000, 0x0000000708400000|  0%| F|  |TAMS 0x0000000708200000| PB 0x0000000708200000| Untracked 
|  28|0x0000000708400000, 0x0000000708400000, 0x0000000708600000|  0%| F|  |TAMS 0x0000000708400000| PB 0x0000000708400000| Untracked 
|  29|0x0000000708600000, 0x0000000708600000, 0x0000000708800000|  0%| F|  |TAMS 0x0000000708600000| PB 0x0000000708600000| Untracked 
|  30|0x0000000708800000, 0x0000000708800000, 0x0000000708a00000|  0%| F|  |TAMS 0x0000000708800000| PB 0x0000000708800000| Untracked 
|  31|0x0000000708a00000, 0x0000000708a00000, 0x0000000708c00000|  0%| F|  |TAMS 0x0000000708a00000| PB 0x0000000708a00000| Untracked 
|  32|0x0000000708c00000, 0x0000000708c00000, 0x0000000708e00000|  0%| F|  |TAMS 0x0000000708c00000| PB 0x0000000708c00000| Untracked 
|  33|0x0000000708e00000, 0x0000000708e00000, 0x0000000709000000|  0%| F|  |TAMS 0x0000000708e00000| PB 0x0000000708e00000| Untracked 
|  34|0x0000000709000000, 0x0000000709000000, 0x0000000709200000|  0%| F|  |TAMS 0x0000000709000000| PB 0x0000000709000000| Untracked 
|  35|0x0000000709200000, 0x0000000709200000, 0x0000000709400000|  0%| F|  |TAMS 0x0000000709200000| PB 0x0000000709200000| Untracked 
|  36|0x0000000709400000, 0x0000000709400000, 0x0000000709600000|  0%| F|  |TAMS 0x0000000709400000| PB 0x0000000709400000| Untracked 
|  37|0x0000000709600000, 0x0000000709600000, 0x0000000709800000|  0%| F|  |TAMS 0x0000000709600000| PB 0x0000000709600000| Untracked 
|  38|0x0000000709800000, 0x0000000709800000, 0x0000000709a00000|  0%| F|  |TAMS 0x0000000709800000| PB 0x0000000709800000| Untracked 
|  39|0x0000000709a00000, 0x0000000709a00000, 0x0000000709c00000|  0%| F|  |TAMS 0x0000000709a00000| PB 0x0000000709a00000| Untracked 
|  40|0x0000000709c00000, 0x0000000709c00000, 0x0000000709e00000|  0%| F|  |TAMS 0x0000000709c00000| PB 0x0000000709c00000| Untracked 
|  41|0x0000000709e00000, 0x0000000709e00000, 0x000000070a000000|  0%| F|  |TAMS 0x0000000709e00000| PB 0x0000000709e00000| Untracked 
|  42|0x000000070a000000, 0x000000070a000000, 0x000000070a200000|  0%| F|  |TAMS 0x000000070a000000| PB 0x000000070a000000| Untracked 
|  43|0x000000070a200000, 0x000000070a200000, 0x000000070a400000|  0%| F|  |TAMS 0x000000070a200000| PB 0x000000070a200000| Untracked 
|  44|0x000000070a400000, 0x000000070a400000, 0x000000070a600000|  0%| F|  |TAMS 0x000000070a400000| PB 0x000000070a400000| Untracked 
|  45|0x000000070a600000, 0x000000070a600000, 0x000000070a800000|  0%| F|  |TAMS 0x000000070a600000| PB 0x000000070a600000| Untracked 
|  46|0x000000070a800000, 0x000000070a800000, 0x000000070aa00000|  0%| F|  |TAMS 0x000000070a800000| PB 0x000000070a800000| Untracked 
|  47|0x000000070aa00000, 0x000000070aa00000, 0x000000070ac00000|  0%| F|  |TAMS 0x000000070aa00000| PB 0x000000070aa00000| Untracked 
|  48|0x000000070ac00000, 0x000000070ac00000, 0x000000070ae00000|  0%| F|  |TAMS 0x000000070ac00000| PB 0x000000070ac00000| Untracked 
|  49|0x000000070ae00000, 0x000000070ae00000, 0x000000070b000000|  0%| F|  |TAMS 0x000000070ae00000| PB 0x000000070ae00000| Untracked 
|  50|0x000000070b000000, 0x000000070b000000, 0x000000070b200000|  0%| F|  |TAMS 0x000000070b000000| PB 0x000000070b000000| Untracked 
|  51|0x000000070b200000, 0x000000070b200000, 0x000000070b400000|  0%| F|  |TAMS 0x000000070b200000| PB 0x000000070b200000| Untracked 
|  52|0x000000070b400000, 0x000000070b400000, 0x000000070b600000|  0%| F|  |TAMS 0x000000070b400000| PB 0x000000070b400000| Untracked 
|  53|0x000000070b600000, 0x000000070b600000, 0x000000070b800000|  0%| F|  |TAMS 0x000000070b600000| PB 0x000000070b600000| Untracked 
|  54|0x000000070b800000, 0x000000070b800000, 0x000000070ba00000|  0%| F|  |TAMS 0x000000070b800000| PB 0x000000070b800000| Untracked 
|  55|0x000000070ba00000, 0x000000070ba00000, 0x000000070bc00000|  0%| F|  |TAMS 0x000000070ba00000| PB 0x000000070ba00000| Untracked 
|  56|0x000000070bc00000, 0x000000070bc00000, 0x000000070be00000|  0%| F|  |TAMS 0x000000070bc00000| PB 0x000000070bc00000| Untracked 
|  57|0x000000070be00000, 0x000000070be00000, 0x000000070c000000|  0%| F|  |TAMS 0x000000070be00000| PB 0x000000070be00000| Untracked 
|  58|0x000000070c000000, 0x000000070c000000, 0x000000070c200000|  0%| F|  |TAMS 0x000000070c000000| PB 0x000000070c000000| Untracked 
|  59|0x000000070c200000, 0x000000070c200000, 0x000000070c400000|  0%| F|  |TAMS 0x000000070c200000| PB 0x000000070c200000| Untracked 
|  60|0x000000070c400000, 0x000000070c400000, 0x000000070c600000|  0%| F|  |TAMS 0x000000070c400000| PB 0x000000070c400000| Untracked 
|  61|0x000000070c600000, 0x000000070c600000, 0x000000070c800000|  0%| F|  |TAMS 0x000000070c600000| PB 0x000000070c600000| Untracked 
|  62|0x000000070c800000, 0x000000070c800000, 0x000000070ca00000|  0%| F|  |TAMS 0x000000070c800000| PB 0x000000070c800000| Untracked 
|  63|0x000000070ca00000, 0x000000070ca00000, 0x000000070cc00000|  0%| F|  |TAMS 0x000000070ca00000| PB 0x000000070ca00000| Untracked 
|  64|0x000000070cc00000, 0x000000070cc00000, 0x000000070ce00000|  0%| F|  |TAMS 0x000000070cc00000| PB 0x000000070cc00000| Untracked 
|  65|0x000000070ce00000, 0x000000070ce00000, 0x000000070d000000|  0%| F|  |TAMS 0x000000070ce00000| PB 0x000000070ce00000| Untracked 
|  66|0x000000070d000000, 0x000000070d000000, 0x000000070d200000|  0%| F|  |TAMS 0x000000070d000000| PB 0x000000070d000000| Untracked 
|  67|0x000000070d200000, 0x000000070d200000, 0x000000070d400000|  0%| F|  |TAMS 0x000000070d200000| PB 0x000000070d200000| Untracked 
|  68|0x000000070d400000, 0x000000070d400000, 0x000000070d600000|  0%| F|  |TAMS 0x000000070d400000| PB 0x000000070d400000| Untracked 
|  69|0x000000070d600000, 0x000000070d600000, 0x000000070d800000|  0%| F|  |TAMS 0x000000070d600000| PB 0x000000070d600000| Untracked 
|  70|0x000000070d800000, 0x000000070d800000, 0x000000070da00000|  0%| F|  |TAMS 0x000000070d800000| PB 0x000000070d800000| Untracked 
|  71|0x000000070da00000, 0x000000070da00000, 0x000000070dc00000|  0%| F|  |TAMS 0x000000070da00000| PB 0x000000070da00000| Untracked 
|  72|0x000000070dc00000, 0x000000070dc00000, 0x000000070de00000|  0%| F|  |TAMS 0x000000070dc00000| PB 0x000000070dc00000| Untracked 
|  73|0x000000070de00000, 0x000000070de00000, 0x000000070e000000|  0%| F|  |TAMS 0x000000070de00000| PB 0x000000070de00000| Untracked 
|  74|0x000000070e000000, 0x000000070e000000, 0x000000070e200000|  0%| F|  |TAMS 0x000000070e000000| PB 0x000000070e000000| Untracked 
|  75|0x000000070e200000, 0x000000070e200000, 0x000000070e400000|  0%| F|  |TAMS 0x000000070e200000| PB 0x000000070e200000| Untracked 
|  76|0x000000070e400000, 0x000000070e400000, 0x000000070e600000|  0%| F|  |TAMS 0x000000070e400000| PB 0x000000070e400000| Untracked 
|  77|0x000000070e600000, 0x000000070e600000, 0x000000070e800000|  0%| F|  |TAMS 0x000000070e600000| PB 0x000000070e600000| Untracked 
|  78|0x000000070e800000, 0x000000070e800000, 0x000000070ea00000|  0%| F|  |TAMS 0x000000070e800000| PB 0x000000070e800000| Untracked 
|  79|0x000000070ea00000, 0x000000070ea00000, 0x000000070ec00000|  0%| F|  |TAMS 0x000000070ea00000| PB 0x000000070ea00000| Untracked 
|  80|0x000000070ec00000, 0x000000070ec00000, 0x000000070ee00000|  0%| F|  |TAMS 0x000000070ec00000| PB 0x000000070ec00000| Untracked 
|  81|0x000000070ee00000, 0x000000070ee00000, 0x000000070f000000|  0%| F|  |TAMS 0x000000070ee00000| PB 0x000000070ee00000| Untracked 
|  82|0x000000070f000000, 0x000000070f000000, 0x000000070f200000|  0%| F|  |TAMS 0x000000070f000000| PB 0x000000070f000000| Untracked 
|  83|0x000000070f200000, 0x000000070f200000, 0x000000070f400000|  0%| F|  |TAMS 0x000000070f200000| PB 0x000000070f200000| Untracked 
|  84|0x000000070f400000, 0x000000070f400000, 0x000000070f600000|  0%| F|  |TAMS 0x000000070f400000| PB 0x000000070f400000| Untracked 
|  85|0x000000070f600000, 0x000000070f600000, 0x000000070f800000|  0%| F|  |TAMS 0x000000070f600000| PB 0x000000070f600000| Untracked 
|  86|0x000000070f800000, 0x000000070f800000, 0x000000070fa00000|  0%| F|  |TAMS 0x000000070f800000| PB 0x000000070f800000| Untracked 
|  87|0x000000070fa00000, 0x000000070fa00000, 0x000000070fc00000|  0%| F|  |TAMS 0x000000070fa00000| PB 0x000000070fa00000| Untracked 
|  88|0x000000070fc00000, 0x000000070fc00000, 0x000000070fe00000|  0%| F|  |TAMS 0x000000070fc00000| PB 0x000000070fc00000| Untracked 
|  89|0x000000070fe00000, 0x000000070fe00000, 0x0000000710000000|  0%| F|  |TAMS 0x000000070fe00000| PB 0x000000070fe00000| Untracked 
|  90|0x0000000710000000, 0x0000000710000000, 0x0000000710200000|  0%| F|  |TAMS 0x0000000710000000| PB 0x0000000710000000| Untracked 
|  91|0x0000000710200000, 0x0000000710200000, 0x0000000710400000|  0%| F|  |TAMS 0x0000000710200000| PB 0x0000000710200000| Untracked 
|  92|0x0000000710400000, 0x0000000710400000, 0x0000000710600000|  0%| F|  |TAMS 0x0000000710400000| PB 0x0000000710400000| Untracked 
|  93|0x0000000710600000, 0x0000000710600000, 0x0000000710800000|  0%| F|  |TAMS 0x0000000710600000| PB 0x0000000710600000| Untracked 
|  94|0x0000000710800000, 0x0000000710800000, 0x0000000710a00000|  0%| F|  |TAMS 0x0000000710800000| PB 0x0000000710800000| Untracked 
|  95|0x0000000710a00000, 0x0000000710a00000, 0x0000000710c00000|  0%| F|  |TAMS 0x0000000710a00000| PB 0x0000000710a00000| Untracked 
|  96|0x0000000710c00000, 0x0000000710c00000, 0x0000000710e00000|  0%| F|  |TAMS 0x0000000710c00000| PB 0x0000000710c00000| Untracked 
|  97|0x0000000710e00000, 0x0000000710e00000, 0x0000000711000000|  0%| F|  |TAMS 0x0000000710e00000| PB 0x0000000710e00000| Untracked 
|  98|0x0000000711000000, 0x0000000711000000, 0x0000000711200000|  0%| F|  |TAMS 0x0000000711000000| PB 0x0000000711000000| Untracked 
|  99|0x0000000711200000, 0x0000000711200000, 0x0000000711400000|  0%| F|  |TAMS 0x0000000711200000| PB 0x0000000711200000| Untracked 
| 100|0x0000000711400000, 0x0000000711400000, 0x0000000711600000|  0%| F|  |TAMS 0x0000000711400000| PB 0x0000000711400000| Untracked 
| 101|0x0000000711600000, 0x0000000711600000, 0x0000000711800000|  0%| F|  |TAMS 0x0000000711600000| PB 0x0000000711600000| Untracked 
| 102|0x0000000711800000, 0x0000000711800000, 0x0000000711a00000|  0%| F|  |TAMS 0x0000000711800000| PB 0x0000000711800000| Untracked 
| 103|0x0000000711a00000, 0x0000000711a00000, 0x0000000711c00000|  0%| F|  |TAMS 0x0000000711a00000| PB 0x0000000711a00000| Untracked 
| 104|0x0000000711c00000, 0x0000000711c00000, 0x0000000711e00000|  0%| F|  |TAMS 0x0000000711c00000| PB 0x0000000711c00000| Untracked 
| 105|0x0000000711e00000, 0x0000000711e00000, 0x0000000712000000|  0%| F|  |TAMS 0x0000000711e00000| PB 0x0000000711e00000| Untracked 
| 106|0x0000000712000000, 0x0000000712000000, 0x0000000712200000|  0%| F|  |TAMS 0x0000000712000000| PB 0x0000000712000000| Untracked 
| 107|0x0000000712200000, 0x0000000712200000, 0x0000000712400000|  0%| F|  |TAMS 0x0000000712200000| PB 0x0000000712200000| Untracked 
| 108|0x0000000712400000, 0x0000000712400000, 0x0000000712600000|  0%| F|  |TAMS 0x0000000712400000| PB 0x0000000712400000| Untracked 
| 109|0x0000000712600000, 0x0000000712600000, 0x0000000712800000|  0%| F|  |TAMS 0x0000000712600000| PB 0x0000000712600000| Untracked 
| 110|0x0000000712800000, 0x0000000712800000, 0x0000000712a00000|  0%| F|  |TAMS 0x0000000712800000| PB 0x0000000712800000| Untracked 
| 111|0x0000000712a00000, 0x0000000712a00000, 0x0000000712c00000|  0%| F|  |TAMS 0x0000000712a00000| PB 0x0000000712a00000| Untracked 
| 112|0x0000000712c00000, 0x0000000712c00000, 0x0000000712e00000|  0%| F|  |TAMS 0x0000000712c00000| PB 0x0000000712c00000| Untracked 
| 113|0x0000000712e00000, 0x0000000712e00000, 0x0000000713000000|  0%| F|  |TAMS 0x0000000712e00000| PB 0x0000000712e00000| Untracked 
| 114|0x0000000713000000, 0x0000000713000000, 0x0000000713200000|  0%| F|  |TAMS 0x0000000713000000| PB 0x0000000713000000| Untracked 
| 115|0x0000000713200000, 0x0000000713200000, 0x0000000713400000|  0%| F|  |TAMS 0x0000000713200000| PB 0x0000000713200000| Untracked 
| 116|0x0000000713400000, 0x0000000713400000, 0x0000000713600000|  0%| F|  |TAMS 0x0000000713400000| PB 0x0000000713400000| Untracked 
| 117|0x0000000713600000, 0x0000000713600000, 0x0000000713800000|  0%| F|  |TAMS 0x0000000713600000| PB 0x0000000713600000| Untracked 
| 118|0x0000000713800000, 0x0000000713800000, 0x0000000713a00000|  0%| F|  |TAMS 0x0000000713800000| PB 0x0000000713800000| Untracked 
| 119|0x0000000713a00000, 0x0000000713a00000, 0x0000000713c00000|  0%| F|  |TAMS 0x0000000713a00000| PB 0x0000000713a00000| Untracked 
| 120|0x0000000713c00000, 0x0000000713c00000, 0x0000000713e00000|  0%| F|  |TAMS 0x0000000713c00000| PB 0x0000000713c00000| Untracked 
| 121|0x0000000713e00000, 0x0000000713e00000, 0x0000000714000000|  0%| F|  |TAMS 0x0000000713e00000| PB 0x0000000713e00000| Untracked 
| 122|0x0000000714000000, 0x00000007140f8118, 0x0000000714200000| 48%| E|  |TAMS 0x0000000714000000| PB 0x0000000714000000| Complete 
| 123|0x0000000714200000, 0x0000000714400000, 0x0000000714400000|100%| E|CS|TAMS 0x0000000714200000| PB 0x0000000714200000| Complete 
| 124|0x0000000714400000, 0x0000000714600000, 0x0000000714600000|100%| E|CS|TAMS 0x0000000714400000| PB 0x0000000714400000| Complete 
| 125|0x0000000714600000, 0x0000000714800000, 0x0000000714800000|100%| E|CS|TAMS 0x0000000714600000| PB 0x0000000714600000| Complete 

Card table byte_map: [0x000001ebf6e40000,0x000001ebf7620000] _byte_map_base: 0x000001ebf361a000

Marking Bits: (CMBitMap*) 0x000001ebdef3dad0
 Bits: [0x000001ebf7620000, 0x000001ebfb4f0000)

Polling page: 0x000001ebde6a0000

Metaspace:

Usage:
  Non-class:    923.45 KB used.
      Class:     97.25 KB used.
       Both:   1020.70 KB used.

Virtual space:
  Non-class space:       64.00 MB reserved,       1.00 MB (  2%) committed,  1 nodes.
      Class space:        1.00 GB reserved,     192.00 KB ( <1%) committed,  1 nodes.
             Both:        1.06 GB reserved,       1.19 MB ( <1%) committed. 

Chunk freelists:
   Non-Class:  11.89 MB
       Class:  15.71 MB
        Both:  27.60 MB

MaxMetaspaceSize: unlimited
CompressedClassSpaceSize: 1.00 GB
Initial GC threshold: 21.00 MB
Current GC threshold: 21.00 MB
CDS: on
 - commit_granule_bytes: 65536.
 - commit_granule_words: 8192.
 - virtual_space_node_default_size: 8388608.
 - enlarge_chunks_in_place: 1.
 - use_allocation_guard: 0.


Internal statistics:

num_allocs_failed_limit: 0.
num_arena_births: 72.
num_arena_deaths: 0.
num_vsnodes_births: 2.
num_vsnodes_deaths: 0.
num_space_committed: 19.
num_space_uncommitted: 0.
num_chunks_returned_to_freelist: 0.
num_chunks_taken_from_freelist: 77.
num_chunk_merges: 0.
num_chunk_splits: 55.
num_chunks_enlarged: 34.
num_inconsistent_stats: 0.

CodeHeap 'non-profiled nmethods': size=120000Kb used=106Kb max_used=106Kb free=119893Kb
 bounds [0x000001ebeee00000, 0x000001ebef070000, 0x000001ebf6330000]
CodeHeap 'profiled nmethods': size=120000Kb used=234Kb max_used=234Kb free=119765Kb
 bounds [0x000001ebe7330000, 0x000001ebe75a0000, 0x000001ebee860000]
CodeHeap 'non-nmethods': size=5760Kb used=1496Kb max_used=1496Kb free=4263Kb
 bounds [0x000001ebee860000, 0x000001ebeead0000, 0x000001ebeee00000]
 total_blobs=679 nmethods=255 adapters=329
 compilation: enabled
              stopped_count=0, restarted_count=0
 full_count=0

Compilation events (20 events):
Event: 0.215 Thread 0x000001ebfe0b01c0  206       1       java.lang.invoke.MethodTypeForm::erasedType (5 bytes)
Event: 0.215 Thread 0x000001ebfe0b01c0 nmethod 206 0x000001ebeee12090 code [0x000001ebeee12220, 0x000001ebeee122f0]
Event: 0.219 Thread 0x000001ebfe0b01c0  207       3       java.lang.StringLatin1::replace (198 bytes)
Event: 0.220 Thread 0x000001ebfe0b01c0 nmethod 207 0x000001ebe7366590 code [0x000001ebe7366840, 0x000001ebe73676b8]
Event: 0.220 Thread 0x000001ebfe0b01c0  208       3       jdk.internal.misc.Unsafe::allocateUninitializedArray0 (90 bytes)
Event: 0.220 Thread 0x000001ebfe0b01c0 nmethod 208 0x000001ebe7367c10 code [0x000001ebe7367e40, 0x000001ebe7368760]
Event: 0.220 Thread 0x000001ebfe0b01c0  209       3       java.lang.Class::getName (18 bytes)
Event: 0.220 Thread 0x000001ebfe0b01c0 nmethod 209 0x000001ebe7368890 code [0x000001ebe7368a40, 0x000001ebe7368be8]
Event: 0.220 Thread 0x000001ebfe0b01c0  211       3       jdk.internal.misc.Unsafe::allocateUninitializedArray (55 bytes)
Event: 0.221 Thread 0x000001ebfe0b01c0 nmethod 211 0x000001ebe7368c90 code [0x000001ebe7368ea0, 0x000001ebe7369340]
Event: 0.221 Thread 0x000001ebfe0b01c0  210       3       java.lang.StringConcatHelper::newArray (40 bytes)
Event: 0.221 Thread 0x000001ebfe0b01c0 nmethod 210 0x000001ebe7369510 code [0x000001ebe73696e0, 0x000001ebe7369a30]
Event: 0.221 Thread 0x000001ebfe0b01c0  212       3       java.lang.String::replace (42 bytes)
Event: 0.221 Thread 0x000001ebfe0b01c0 nmethod 212 0x000001ebe7369b10 code [0x000001ebe7369ce0, 0x000001ebe736a038]
Event: 0.221 Thread 0x000001ebfe0b01c0  214       3       org.jetbrains.capture.org.objectweb.asm.Type::getInternalName (12 bytes)
Event: 0.221 Thread 0x000001ebfe0b01c0 nmethod 214 0x000001ebe736a110 code [0x000001ebe736a2e0, 0x000001ebe736a508]
Event: 0.222 Thread 0x000001ebfdc46250  215       4       java.lang.StringLatin1::replace (198 bytes)
Event: 0.227 Thread 0x000001ebfe0b01c0  216       3       java.util.HashSet::contains (9 bytes)
Event: 0.227 Thread 0x000001ebfe0b01c0 nmethod 216 0x000001ebe736a610 code [0x000001ebe736a7c0, 0x000001ebe736aa58]
Event: 0.234 Thread 0x000001ebfdc46250 nmethod 215 0x000001ebeee12a90 code [0x000001ebeee12c60, 0x000001ebeee132a8]

GC Heap History (0 events):
No events

Dll operation events (8 events):
Event: 0.035 Loaded shared library C:\Users\Виктория\.jdks\openjdk-21.0.2\bin\java.dll
Event: 0.038 Loaded shared library C:\Users\Виктория\.jdks\openjdk-21.0.2\bin\zip.dll
Event: 0.095 Loaded shared library C:\Users\Виктория\.jdks\openjdk-21.0.2\bin\jsvml.dll
Event: 0.206 Loaded shared library C:\Users\Виктория\.jdks\openjdk-21.0.2\bin\instrument.dll
Event: 7.776 Loaded shared library C:\Users\Виктория\.jdks\openjdk-21.0.2\bin\net.dll
Event: 7.779 Loaded shared library C:\Users\Виктория\.jdks\openjdk-21.0.2\bin\nio.dll
Event: 7.799 Loaded shared library C:\Users\Виктория\.jdks\openjdk-21.0.2\bin\jimage.dll
Event: 7.973 Loaded shared library C:\Users\Виктория\.jdks\openjdk-21.0.2\bin\zip.dll

Deoptimization events (4 events):
Event: 0.204 Thread 0x000001ebdcd70610 Uncommon trap: trap_request=0xffffff45 fr.pc=0x000001ebeee08e58 relative=0x00000000000000b8
Event: 0.204 Thread 0x000001ebdcd70610 Uncommon trap: reason=unstable_if action=reinterpret pc=0x000001ebeee08e58 method=java.lang.String.hashCode()I @ 20 c2
Event: 0.204 Thread 0x000001ebdcd70610 DEOPT PACKING pc=0x000001ebeee08e58 sp=0x000000ce0d0fe730
Event: 0.204 Thread 0x000001ebdcd70610 DEOPT UNPACKING pc=0x000001ebee8b7da2 sp=0x000000ce0d0fe6c8 mode 2

Classes loaded (20 events):
Event: 7.896 Loading class java/lang/InstantiationException
Event: 7.896 Loading class java/lang/InstantiationException done
Event: 7.896 Loading class java/lang/IllegalAccessException
Event: 7.896 Loading class java/lang/IllegalAccessException done
Event: 7.964 Loading class com/intellij/rt/debugger/BatchEvaluatorServer
Event: 7.964 Loading class com/intellij/rt/debugger/BatchEvaluatorServer done
Event: 11.380 Loading class java/nio/channels/spi/AbstractInterruptibleChannel$1
Event: 11.380 Loading class sun/nio/ch/Interruptible
Event: 11.380 Loading class sun/nio/ch/Interruptible done
Event: 11.380 Loading class java/nio/channels/spi/AbstractInterruptibleChannel$1 done
Event: 11.381 Loading class sun/nio/ch/Util$BufferCache
Event: 11.381 Loading class sun/nio/ch/Util$BufferCache done
Event: 11.381 Loading class java/nio/DirectByteBuffer$Deallocator
Event: 11.381 Loading class java/nio/DirectByteBuffer$Deallocator done
Event: 11.382 Loading class java/util/InputMismatchException
Event: 11.382 Loading class java/util/NoSuchElementException
Event: 11.382 Loading class java/util/NoSuchElementException done
Event: 11.382 Loading class java/util/InputMismatchException done
Event: 11.382 Loading class java/lang/NumberFormatException
Event: 11.382 Loading class java/lang/NumberFormatException done

Classes unloaded (0 events):
No events

Classes redefined (0 events):
No events

Internal exceptions (11 events):
Event: 0.207 Thread 0x000001ebdcd70610 Exception <a 'java/lang/NoSuchMethodError'{0x00000007144ede98}: 'void java.lang.invoke.DirectMethodHandle$Holder.invokeStatic(java.lang.Object, java.lang.Object, java.lang.Object)'> (0x00000007144ede98) 
thrown [s\open\src\hotspot\share\interpreter\linkResolver.cpp, line 773]
Event: 0.214 Thread 0x000001ebdcd70610 Exception <a 'java/lang/NoSuchMethodError'{0x00000007145053a0}: 'java.lang.Object java.lang.invoke.Invokers$Holder.invokeExact_MT(java.lang.Object, java.lang.Object, java.lang.Object, java.lang.Object, java.lang.Object)'> (0x00000007145053a0) 
thrown [s\open\src\hotspot\share\interpreter\linkResolver.cpp, line 773]
Event: 7.803 Thread 0x000001ebdcd70610 Exception <a 'java/lang/NoSuchMethodError'{0x00000007142ced80}: 'void java.lang.invoke.DirectMethodHandle$Holder.invokeVirtual(java.lang.Object, java.lang.Object)'> (0x00000007142ced80) 
thrown [s\open\src\hotspot\share\interpreter\linkResolver.cpp, line 773]
Event: 7.805 Thread 0x000001ebdcd70610 Exception <a 'java/lang/NoSuchMethodError'{0x00000007142d26d0}: 'void java.lang.invoke.DirectMethodHandle$Holder.invokeSpecial(java.lang.Object, java.lang.Object, java.lang.Object)'> (0x00000007142d26d0) 
thrown [s\open\src\hotspot\share\interpreter\linkResolver.cpp, line 773]
Event: 7.813 Thread 0x000001ebdcd70610 Exception <a 'java/lang/NoSuchMethodError'{0x00000007142f4448}: 'int java.lang.invoke.DirectMethodHandle$Holder.invokeSpecial(java.lang.Object, java.lang.Object, java.lang.Object, int)'> (0x00000007142f4448) 
thrown [s\open\src\hotspot\share\interpreter\linkResolver.cpp, line 773]
Event: 7.822 Thread 0x000001ebdcd70610 Exception <a 'java/lang/NoSuchMethodError'{0x0000000714309270}: 'java.lang.Object java.lang.invoke.DirectMethodHandle$Holder.invokeStatic(java.lang.Object, java.lang.Object, java.lang.Object, java.lang.Object, int)'> (0x0000000714309270) 
thrown [s\open\src\hotspot\share\interpreter\linkResolver.cpp, line 773]
Event: 7.825 Thread 0x000001ebdcd70610 Exception <a 'java/lang/NoSuchMethodError'{0x00000007143110f0}: 'long java.lang.invoke.DirectMethodHandle$Holder.invokeStatic(java.lang.Object, java.lang.Object, int)'> (0x00000007143110f0) 
thrown [s\open\src\hotspot\share\interpreter\linkResolver.cpp, line 773]
Event: 7.830 Thread 0x000001ebdcd70610 Exception <a 'java/lang/NoSuchMethodError'{0x000000071431c640}: 'java.lang.Object java.lang.invoke.DelegatingMethodHandle$Holder.reinvoke_L(java.lang.Object, int, long, java.lang.Object, java.lang.Object, int, java.lang.Object)'> (0x000000071431c640) 
thrown [s\open\src\hotspot\share\interpreter\linkResolver.cpp, line 773]
Event: 7.835 Thread 0x000001ebdcd70610 Exception <a 'java/lang/NoSuchMethodError'{0x0000000714323fb0}: 'int java.lang.invoke.DirectMethodHandle$Holder.invokeSpecial(java.lang.Object, java.lang.Object, java.lang.Object)'> (0x0000000714323fb0) 
thrown [s\open\src\hotspot\share\interpreter\linkResolver.cpp, line 773]
Event: 7.856 Thread 0x000001ebdcd70610 Exception <a 'java/lang/NoSuchMethodError'{0x0000000714354958}: 'java.lang.Object java.lang.invoke.DirectMethodHandle$Holder.invokeStatic(java.lang.Object, java.lang.Object, int)'> (0x0000000714354958) 
thrown [s\open\src\hotspot\share\interpreter\linkResolver.cpp, line 773]
Event: 7.862 Thread 0x000001ebdcd70610 Exception <a 'java/lang/NoSuchMethodError'{0x0000000714360108}: 'void java.lang.invoke.DelegatingMethodHandle$Holder.delegate(java.lang.Object, java.lang.Object, int, java.lang.Object)'> (0x0000000714360108) 
thrown [s\open\src\hotspot\share\interpreter\linkResolver.cpp, line 773]

ZGC Phase Switch (0 events):
No events

VM Operations (20 events):
Event: 807.600 Executing VM operation: ChangeBreakpoints done
Event: 807.601 Executing VM operation: ChangeBreakpoints
Event: 807.601 Executing VM operation: ChangeBreakpoints done
Event: 807.602 Executing VM operation: ChangeBreakpoints
Event: 807.602 Executing VM operation: ChangeBreakpoints done
Event: 807.606 Executing VM operation: ChangeBreakpoints
Event: 807.606 Executing VM operation: ChangeBreakpoints done
Event: 807.606 Executing VM operation: ChangeBreakpoints
Event: 807.606 Executing VM operation: ChangeBreakpoints done
Event: 838.530 Executing VM operation: ChangeBreakpoints
Event: 838.530 Executing VM operation: ChangeBreakpoints done
Event: 838.530 Executing VM operation: ChangeBreakpoints
Event: 838.530 Executing VM operation: ChangeBreakpoints done
Event: 838.530 Executing VM operation: ChangeBreakpoints
Event: 838.530 Executing VM operation: ChangeBreakpoints done
Event: 838.530 Executing VM operation: ChangeBreakpoints
Event: 838.531 Executing VM operation: ChangeBreakpoints done
Event: 838.531 Executing VM operation: ChangeBreakpoints
Event: 838.531 Executing VM operation: ChangeBreakpoints done
Event: 838.531 Executing VM operation: ChangeBreakpoints

Events (15 events):
Event: 0.066 Thread 0x000001ebdcd70610 Thread added: 0x000001ebdcd70610
Event: 0.092 Thread 0x000001ebfdc2d2b0 Thread added: 0x000001ebfdc2d2b0
Event: 0.092 Thread 0x000001ebfdc2e1d0 Thread added: 0x000001ebfdc2e1d0
Event: 0.093 Thread 0x000001ebfdc31b20 Thread added: 0x000001ebfdc31b20
Event: 0.093 Thread 0x000001ebfdc34680 Thread added: 0x000001ebfdc34680
Event: 0.093 Thread 0x000001ebfdc351d0 Thread added: 0x000001ebfdc351d0
Event: 0.093 Thread 0x000001ebfdc38e70 Thread added: 0x000001ebfdc38e70
Event: 0.093 Thread 0x000001ebfdc46250 Thread added: 0x000001ebfdc46250
Event: 0.093 Thread 0x000001ebfe0b01c0 Thread added: 0x000001ebfe0b01c0
Event: 0.120 Thread 0x000001ebfe1bc8b0 Thread added: 0x000001ebfe1bc8b0
Event: 0.146 Thread 0x000001ebfe2e3640 Thread added: 0x000001ebfe2e3640
Event: 0.146 Thread 0x000001ebfe29e000 Thread added: 0x000001ebfe29e000
Event: 0.146 Thread 0x000001ebfe28b040 Thread added: 0x000001ebfe28b040
Event: 0.225 Thread 0x000001ebfe2b1d60 Thread added: 0x000001ebfe2b1d60
Event: 838.530 Thread 0x000001ebfe28b040 Thread exited: 0x000001ebfe28b040


Dynamic libraries:
0x00007ff64dc80000 - 0x00007ff64dc8e000 	C:\Users\Виктория\.jdks\openjdk-21.0.2\bin\java.exe
0x00007ffd81230000 - 0x00007ffd81447000 	C:\WINDOWS\SYSTEM32\ntdll.dll
0x00007ffd806c0000 - 0x00007ffd80784000 	C:\WINDOWS\System32\KERNEL32.DLL
0x00007ffd7e510000 - 0x00007ffd7e8c7000 	C:\WINDOWS\System32\KERNELBASE.dll
0x00007ffd7e8d0000 - 0x00007ffd7e9e1000 	C:\WINDOWS\System32\ucrtbase.dll
0x00007ffd658a0000 - 0x00007ffd658bb000 	C:\Users\Виктория\.jdks\openjdk-21.0.2\bin\VCRUNTIME140.dll
0x00007ffd65880000 - 0x00007ffd65898000 	C:\Users\Виктория\.jdks\openjdk-21.0.2\bin\jli.dll
0x00007ffd7f9e0000 - 0x00007ffd7fb8f000 	C:\WINDOWS\System32\USER32.dll
0x00007ffd63570000 - 0x00007ffd63803000 	C:\WINDOWS\WinSxS\amd64_microsoft.windows.common-controls_6595b64144ccf1df_6.0.22621.3672_none_2713b9d173822955\COMCTL32.dll
0x00007ffd7eb00000 - 0x00007ffd7eb26000 	C:\WINDOWS\System32\win32u.dll
0x00007ffd81110000 - 0x00007ffd811b7000 	C:\WINDOWS\System32\msvcrt.dll
0x00007ffd7fb90000 - 0x00007ffd7fbb9000 	C:\WINDOWS\System32\GDI32.dll
0x00007ffd7ebb0000 - 0x00007ffd7ecc8000 	C:\WINDOWS\System32\gdi32full.dll
0x00007ffd7e9f0000 - 0x00007ffd7ea8a000 	C:\WINDOWS\System32\msvcp_win.dll
0x00007ffd80560000 - 0x00007ffd80591000 	C:\WINDOWS\System32\IMM32.DLL
0x00007ffd789a0000 - 0x00007ffd789ac000 	C:\Users\Виктория\.jdks\openjdk-21.0.2\bin\vcruntime140_1.dll
0x00007ffd63210000 - 0x00007ffd6329e000 	C:\Users\Виктория\.jdks\openjdk-21.0.2\bin\msvcp140.dll
0x00007ffd0eb90000 - 0x00007ffd0f8a7000 	C:\Users\Виктория\.jdks\openjdk-21.0.2\bin\server\jvm.dll
0x00007ffd80ff0000 - 0x00007ffd810a2000 	C:\WINDOWS\System32\ADVAPI32.dll
0x00007ffd80e20000 - 0x00007ffd80ec8000 	C:\WINDOWS\System32\sechost.dll
0x00007ffd7ef00000 - 0x00007ffd7ef28000 	C:\WINDOWS\System32\bcrypt.dll
0x00007ffd80ed0000 - 0x00007ffd80fe4000 	C:\WINDOWS\System32\RPCRT4.dll
0x00007ffd80290000 - 0x00007ffd80301000 	C:\WINDOWS\System32\WS2_32.dll
0x00007ffd7e330000 - 0x00007ffd7e37d000 	C:\WINDOWS\SYSTEM32\POWRPROF.dll
0x00007ffd76520000 - 0x00007ffd7652a000 	C:\WINDOWS\SYSTEM32\VERSION.dll
0x00007ffd78040000 - 0x00007ffd78074000 	C:\WINDOWS\SYSTEM32\WINMM.dll
0x00007ffd7e210000 - 0x00007ffd7e223000 	C:\WINDOWS\SYSTEM32\UMPDC.dll
0x00007ffd7d520000 - 0x00007ffd7d538000 	C:\WINDOWS\SYSTEM32\kernel.appcore.dll
0x00007ffd72f30000 - 0x00007ffd72f3a000 	C:\Users\Виктория\.jdks\openjdk-21.0.2\bin\jimage.dll
0x00007ffd7bf00000 - 0x00007ffd7c132000 	C:\WINDOWS\SYSTEM32\DBGHELP.DLL
0x00007ffd7fdf0000 - 0x00007ffd8017e000 	C:\WINDOWS\System32\combase.dll
0x00007ffd808c0000 - 0x00007ffd80997000 	C:\WINDOWS\System32\OLEAUT32.dll
0x00007ffd5d3f0000 - 0x00007ffd5d422000 	C:\WINDOWS\SYSTEM32\dbgcore.DLL
0x00007ffd7eb30000 - 0x00007ffd7ebab000 	C:\WINDOWS\System32\bcryptPrimitives.dll
0x00007ffd654c0000 - 0x00007ffd654fc000 	C:\Users\Виктория\.jdks\openjdk-21.0.2\bin\jdwp.dll
0x00007ffd6c650000 - 0x00007ffd6c65f000 	C:\Users\Виктория\.jdks\openjdk-21.0.2\bin\instrument.dll
0x00007ffd65560000 - 0x00007ffd6557f000 	C:\Users\Виктория\.jdks\openjdk-21.0.2\bin\java.dll
0x00007ffd654a0000 - 0x00007ffd654b8000 	C:\Users\Виктория\.jdks\openjdk-21.0.2\bin\zip.dll
0x00007ffd7ef30000 - 0x00007ffd7f799000 	C:\WINDOWS\System32\SHELL32.dll
0x00007ffd7c430000 - 0x00007ffd7cd2f000 	C:\WINDOWS\SYSTEM32\windows.storage.dll
0x00007ffd7c2f0000 - 0x00007ffd7c42f000 	C:\WINDOWS\SYSTEM32\wintypes.dll
0x00007ffd805c0000 - 0x00007ffd806b9000 	C:\WINDOWS\System32\SHCORE.dll
0x00007ffd80790000 - 0x00007ffd807ee000 	C:\WINDOWS\System32\shlwapi.dll
0x00007ffd7e440000 - 0x00007ffd7e467000 	C:\WINDOWS\SYSTEM32\profapi.dll
0x00007ffd59060000 - 0x00007ffd59137000 	C:\Users\Виктория\.jdks\openjdk-21.0.2\bin\jsvml.dll
0x00007ffd65320000 - 0x00007ffd6532c000 	C:\Users\Виктория\.jdks\openjdk-21.0.2\bin\dt_socket.dll
0x00007ffd7cfd0000 - 0x00007ffd7cffd000 	C:\WINDOWS\SYSTEM32\IPHLPAPI.DLL
0x00007ffd7d980000 - 0x00007ffd7d9e9000 	C:\WINDOWS\system32\mswsock.dll
0x00007ffd65650000 - 0x00007ffd65660000 	C:\Users\Виктория\.jdks\openjdk-21.0.2\bin\net.dll
0x00007ffd7a080000 - 0x00007ffd7a1b6000 	C:\WINDOWS\SYSTEM32\WINHTTP.dll
0x00007ffd65470000 - 0x00007ffd65486000 	C:\Users\Виктория\.jdks\openjdk-21.0.2\bin\nio.dll

dbghelp: loaded successfully - version: 4.0.5 - missing functions: none
symbol engine: initialized successfully - sym options: 0x614 - pdb path: .;C:\Users\Виктория\.jdks\openjdk-21.0.2\bin;C:\WINDOWS\SYSTEM32;C:\WINDOWS\WinSxS\amd64_microsoft.windows.common-controls_6595b64144ccf1df_6.0.22621.3672_none_2713b9d173822955;C:\Users\Виктория\.jdks\openjdk-21.0.2\bin\server

VM Arguments:
jvm_args: -agentlib:jdwp=transport=dt_socket,address=127.0.0.1:61132,suspend=y,server=n -javaagent:C:\Users\Виктория\AppData\Local\JetBrains\IdeaIC2024.1\captureAgent\debugger-agent.jar -Dfile.encoding=UTF-8 -Dsun.stdout.encoding=UTF-8 -Dsun.stderr.encoding=UTF-8 
java_command: org.example.Main
java_class_path (initial): D:\Java учеба\Zadachka\target\classes;C:\Program Files\JetBrains\IntelliJ IDEA Community Edition 2023.2.3\lib\idea_rt.jar
Launcher Type: SUN_STANDARD

[Global flags]
     intx CICompilerCount                          = 4                                         {product} {ergonomic}
     uint ConcGCThreads                            = 2                                         {product} {ergonomic}
     uint G1ConcRefinementThreads                  = 8                                         {product} {ergonomic}
   size_t G1HeapRegionSize                         = 2097152                                   {product} {ergonomic}
    uintx GCDrainStackTargetSize                   = 64                                        {product} {ergonomic}
   size_t InitialHeapSize                          = 264241152                                 {product} {ergonomic}
   size_t MarkStackSize                            = 4194304                                   {product} {ergonomic}
   size_t MaxHeapSize                              = 4215275520                                {product} {ergonomic}
   size_t MaxNewSize                               = 2529165312                                {product} {ergonomic}
   size_t MinHeapDeltaBytes                        = 2097152                                   {product} {ergonomic}
   size_t MinHeapSize                              = 8388608                                   {product} {ergonomic}
    uintx NonNMethodCodeHeapSize                   = 5839372                                {pd product} {ergonomic}
    uintx NonProfiledCodeHeapSize                  = 122909434                              {pd product} {ergonomic}
    uintx ProfiledCodeHeapSize                     = 122909434                              {pd product} {ergonomic}
    uintx ReservedCodeCacheSize                    = 251658240                              {pd product} {ergonomic}
     bool SegmentedCodeCache                       = true                                      {product} {ergonomic}
   size_t SoftMaxHeapSize                          = 4215275520                             {manageable} {ergonomic}
     bool UseCompressedOops                        = true                           {product lp64_product} {ergonomic}
     bool UseG1GC                                  = true                                      {product} {ergonomic}
     bool UseLargePagesIndividualAllocation        = false                                  {pd product} {ergonomic}

Logging:
Log output configuration:
 #0: stdout all=warning uptime,level,tags foldmultilines=false
 #1: stderr all=off uptime,level,tags foldmultilines=false

Environment Variables:
PATH=C:\Python311\Scripts\;C:\Python311\;C:\WINDOWS\system32;C:\WINDOWS;C:\WINDOWS\System32\Wbem;C:\WINDOWS\System32\WindowsPowerShell\v1.0\;C:\WINDOWS\System32\OpenSSH\;C:\Program Files\dotnet\;C:\Program Files (x86)\dotnet\;C:\Program Files (x86)\gnupg\bin;C:\Program Files\nodejs\;C:\ProgramData\chocolatey\bin;C:\Program Files\Git\cmd;C:\Users\Виктория\AppData\Local\Microsoft\WindowsApps;;C:\Program Files\JetBrains\PyCharm Community Edition 2022.2.3\bin;;C:\Users\Виктория\AppData\Roaming\npm;C:\Users\Виктория\AppData\Local\Programs\Microsoft VS Code\bin
USERNAME=Виктория
OS=Windows_NT
PROCESSOR_IDENTIFIER=Intel64 Family 6 Model 140 Stepping 2, GenuineIntel
TMP=C:\Users\ADCC~1\AppData\Local\Temp
TEMP=C:\Users\ADCC~1\AppData\Local\Temp




Periodic native trim disabled

---------------  S Y S T E M  ---------------

OS:
 Windows 11 , 64 bit Build 22621 (10.0.22621.3958)
OS uptime: 5 days 0:13 hours
Hyper-V role detected

CPU: total 8 (initial active 8) (4 cores per cpu, 2 threads per core) family 6 model 140 stepping 2 microcode 0x22, cx8, cmov, fxsr, ht, mmx, 3dnowpref, sse, sse2, sse3, ssse3, sse4.1, sse4.2, popcnt, lzcnt, tsc, tscinvbit, avx, avx2, aes, erms, clmul, bmi1, bmi2, adx, avx512f, avx512dq, avx512cd, avx512bw, avx512vl, sha, fma, vzeroupper, avx512_vpopcntdq, avx512_vpclmulqdq, avx512_vaes, avx512_vnni, clflush, clflushopt, clwb, avx512_vbmi2, avx512_vbmi, hv, rdtscp, rdpid, fsrm, gfni, avx512_bitalg, f16c, cet_ibt, cet_ss, avx512_ifma
Processor Information for all 8 processors :
  Max Mhz: 2918, Current Mhz: 2918, Mhz Limit: 2918

Memory: 4k page, system-wide physical 16074M (2288M free)
TotalPageFile size 47818M (AvailPageFile size 18562M)
current process WorkingSet (physical memory assigned to process): 44M, peak: 44M
current process commit charge ("private bytes"): 337M, peak: 337M

vm_info: OpenJDK 64-Bit Server VM (21.0.2+13-58) for windows-amd64 JRE (21.0.2+13-58), built on 2024-01-05T18:32:24Z by "mach5one" with MS VC++ 17.1 (VS2022)

END.
